Not searching for unused variables given on the command line.
CMake Deprecation Warning at CMakeLists.txt:2 (cmake_minimum_required):
  Compatibility with CMake < 3.5 will be removed from a future version of
  CMake.

  Update the VERSION argument <min> value or use a ...<max> suffix to tell
  CMake that the project does not need compatibility with older versions.


-- The C compiler identification is Clang 15.0.4
-- The CXX compiler identification is Clang 15.0.4
-- Detecting C compiler ABI info
-- Detecting C compiler ABI info - done
-- Check for working C compiler: D:/Codingggg/DevEcoStudio/DevEco Studio/sdk/default/openharmony/native/llvm/bin/clang.exe - skipped
-- Detecting C compile features
-- Detecting C compile features - done
-- Detecting CXX compiler ABI info
-- Detecting CXX compiler ABI info - done
-- Check for working CXX compiler: D:/Codingggg/DevEcoStudio/DevEco Studio/sdk/default/openharmony/native/llvm/bin/clang++.exe - skipped
-- Detecting CXX compile features
-- Detecting CXX compile features - done
-- Configuring done (2.5s)
-- Generating done (0.0s)
-- Build files have been written to: D:/Projects/JoyFit/JoyFit/entry/.cxx/default/default/debug/arm64-v8a
